<?xml version="1.0" encoding="UTF-8"?>
<testsuite name="edu.depaul.se433.shoppingapp.ShoppingCartTests" tests="4" skipped="0" failures="0" errors="0" timestamp="2021-11-18T04:22:36" hostname="CLARK-PC" time="0.008">
  <properties/>
  <testcase name="Return an empty list for an empty cart" classname="edu.depaul.se433.shoppingapp.ShoppingCartTests" time="0.002"/>
  <testcase name="Return an empty list after clearing the cart" classname="edu.depaul.se433.shoppingapp.ShoppingCartTests" time="0.001"/>
  <testcase name="Return a count of 0 with an empty cart" classname="edu.depaul.se433.shoppingapp.ShoppingCartTests" time="0.001"/>
  <testcase name="Return a cost of 0.00 for an empty cart" classname="edu.depaul.se433.shoppingapp.ShoppingCartTests" time="0.001"/>
  <system-out><![CDATA[]]></system-out>
  <system-err><![CDATA[]]></system-err>
</testsuite>
